# JRE version: Java(TM) SE Runtime Environment (8.0_181-b13) (build 1.8.0_181-b13)
# Java VM: Java HotSpot(TM) 64-Bit Server VM (25.181-b13 mixed mode linux-amd64 compressed oops)
Heap:
 PSYoungGen      total 25600K, used 2425K [0x00000000e3d80000, 0x00000000e6f80000, 0x0000000100000000)
  eden space 22016K, 11% used [0x00000000e3d80000,0x00000000e3fde428,0x00000000e5300000)
  from space 3584K, 0% used [0x00000000e5300000,0x00000000e5300000,0x00000000e5680000)
  to   space 3584K, 0% used [0x00000000e6c00000,0x00000000e6c00000,0x00000000e6f80000)
 ParOldGen       total 39936K, used 7848K [0x00000000ab800000, 0x00000000adf00000, 0x00000000e3d80000)
  object space 39936K, 19% used [0x00000000ab800000,0x00000000abfaa008,0x00000000adf00000)
 Metaspace       used 21187K, capacity 22082K, committed 22400K, reserved 1069056K
  class space    used 2930K, capacity 3125K, committed 3200K, reserved 1048576K
GC Heap History (8 events):
Event: 3.718 GC heap before
{Heap before GC invocations=1 (full 0):
 PSYoungGen      total 25600K, used 22016K [0x00000000e3d80000, 0x00000000e5a00000, 0x0000000100000000)
  eden space 22016K, 100% used [0x00000000e3d80000,0x00000000e5300000,0x00000000e5300000)
  from space 3584K, 0% used [0x00000000e5680000,0x00000000e5680000,0x00000000e5a00000)
  to   space 3584K, 0% used [0x00000000e5300000,0x00000000e5300000,0x00000000e5680000)
 ParOldGen       total 58880K, used 0K [0x00000000ab800000, 0x00000000af180000, 0x00000000e3d80000)
  object space 58880K, 0% used [0x00000000ab800000,0x00000000ab800000,0x00000000af180000)
 Metaspace       used 12643K, capacity 13132K, committed 13440K, reserved 1060864K
  class space    used 1666K, capacity 1832K, committed 1920K, reserved 1048576K
Event: 3.737 GC heap after
Heap after GC invocations=1 (full 0):
 PSYoungGen      total 25600K, used 3552K [0x00000000e3d80000, 0x00000000e5a00000, 0x0000000100000000)
  eden space 22016K, 0% used [0x00000000e3d80000,0x00000000e3d80000,0x00000000e5300000)
  from space 3584K, 99% used [0x00000000e5300000,0x00000000e5678040,0x00000000e5680000)
  to   space 3584K, 0% used [0x00000000e5680000,0x00000000e5680000,0x00000000e5a00000)
 ParOldGen       total 58880K, used 809K [0x00000000ab800000, 0x00000000af180000, 0x00000000e3d80000)
  object space 58880K, 1% used [0x00000000ab800000,0x00000000ab8ca750,0x00000000af180000)
 Metaspace       used 12643K, capacity 13132K, committed 13440K, reserved 1060864K
  class space    used 1666K, capacity 1832K, committed 1920K, reserved 1048576K
}
Event: 11.915 GC heap before
{Heap before GC invocations=2 (full 0):
 PSYoungGen      total 25600K, used 25568K [0x00000000e3d80000, 0x00000000e5a00000, 0x0000000100000000)
  eden space 22016K, 100% used [0x00000000e3d80000,0x00000000e5300000,0x00000000e5300000)
  from space 3584K, 99% used [0x00000000e5300000,0x00000000e5678040,0x00000000e5680000)
  to   space 3584K, 0% used [0x00000000e5680000,0x00000000e5680000,0x00000000e5a00000)
 ParOldGen       total 58880K, used 809K [0x00000000ab800000, 0x00000000af180000, 0x00000000e3d80000)
  object space 58880K, 1% used [0x00000000ab800000,0x00000000ab8ca750,0x00000000af180000)
 Metaspace       used 19874K, capacity 20802K, committed 20992K, reserved 1067008K
  class space    used 2778K, capacity 2997K, committed 3072K, reserved 1048576K
Event: 11.948 GC heap after
Heap after GC invocations=2 (full 0):
 PSYoungGen      total 25600K, used 3552K [0x00000000e3d80000, 0x00000000e5a00000, 0x0000000100000000)
  eden space 22016K, 0% used [0x00000000e3d80000,0x00000000e3d80000,0x00000000e5300000)
  from space 3584K, 99% used [0x00000000e5680000,0x00000000e59f8030,0x00000000e5a00000)
  to   space 3584K, 0% used [0x00000000e5300000,0x00000000e5300000,0x00000000e5680000)
 ParOldGen       total 58880K, used 4842K [0x00000000ab800000, 0x00000000af180000, 0x00000000e3d80000)
  object space 58880K, 8% used [0x00000000ab800000,0x00000000abcba8f0,0x00000000af180000)
 Metaspace       used 19874K, capacity 20802K, committed 20992K, reserved 1067008K
  class space    used 2778K, capacity 2997K, committed 3072K, reserved 1048576K
}
Event: 12.034 GC heap before
{Heap before GC invocations=3 (full 0):
 PSYoungGen      total 25600K, used 4674K [0x00000000e3d80000, 0x00000000e5a00000, 0x0000000100000000)
  eden space 22016K, 5% used [0x00000000e3d80000,0x00000000e3e98ae8,0x00000000e5300000)
  from space 3584K, 99% used [0x00000000e5680000,0x00000000e59f8030,0x00000000e5a00000)
  to   space 3584K, 0% used [0x00000000e5300000,0x00000000e5300000,0x00000000e5680000)
 ParOldGen       total 58880K, used 4842K [0x00000000ab800000, 0x00000000af180000, 0x00000000e3d80000)
  object space 58880K, 8% used [0x00000000ab800000,0x00000000abcba8f0,0x00000000af180000)
 Metaspace       used 20316K, capacity 21154K, committed 21248K, reserved 1067008K
  class space    used 2834K, capacity 3029K, committed 3072K, reserved 1048576K
Event: 12.046 GC heap after
Heap after GC invocations=3 (full 0):
 PSYoungGen      total 25600K, used 3582K [0x00000000e3d80000, 0x00000000e6f80000, 0x0000000100000000)
  eden space 22016K, 0% used [0x00000000e3d80000,0x00000000e3d80000,0x00000000e5300000)
  from space 3584K, 99% used [0x00000000e5300000,0x00000000e567fb50,0x00000000e5680000)
  to   space 3584K, 0% used [0x00000000e6c00000,0x00000000e6c00000,0x00000000e6f80000)
 ParOldGen       total 58880K, used 5165K [0x00000000ab800000, 0x00000000af180000, 0x00000000e3d80000)
  object space 58880K, 8% used [0x00000000ab800000,0x00000000abd0b588,0x00000000af180000)
 Metaspace       used 20316K, capacity 21154K, committed 21248K, reserved 1067008K
  class space    used 2834K, capacity 3029K, committed 3072K, reserved 1048576K
}
Event: 12.046 GC heap before
{Heap before GC invocations=4 (full 1):
 PSYoungGen      total 25600K, used 3582K [0x00000000e3d80000, 0x00000000e6f80000, 0x0000000100000000)
  eden space 22016K, 0% used [0x00000000e3d80000,0x00000000e3d80000,0x00000000e5300000)
  from space 3584K, 99% used [0x00000000e5300000,0x00000000e567fb50,0x00000000e5680000)
  to   space 3584K, 0% used [0x00000000e6c00000,0x00000000e6c00000,0x00000000e6f80000)
 ParOldGen       total 58880K, used 5165K [0x00000000ab800000, 0x00000000af180000, 0x00000000e3d80000)
  object space 58880K, 8% used [0x00000000ab800000,0x00000000abd0b588,0x00000000af180000)
 Metaspace       used 20316K, capacity 21154K, committed 21248K, reserved 1067008K
  class space    used 2834K, capacity 3029K, committed 3072K, reserved 1048576K
Event: 12.170 GC heap after
Heap after GC invocations=4 (full 1):
 PSYoungGen      total 25600K, used 0K [0x00000000e3d80000, 0x00000000e6f80000, 0x0000000100000000)
  eden space 22016K, 0% used [0x00000000e3d80000,0x00000000e3d80000,0x00000000e5300000)
  from space 3584K, 0% used [0x00000000e5300000,0x00000000e5300000,0x00000000e5680000)
  to   space 3584K, 0% used [0x00000000e6c00000,0x00000000e6c00000,0x00000000e6f80000)
 ParOldGen       total 39936K, used 7848K [0x00000000ab800000, 0x00000000adf00000, 0x00000000e3d80000)
  object space 39936K, 19% used [0x00000000ab800000,0x00000000abfaa008,0x00000000adf00000)
 Metaspace       used 20316K, capacity 21154K, committed 21248K, reserved 1067008K
  class space    used 2834K, capacity 3029K, committed 3072K, reserved 1048576K
}

